2021-09-08 19:58:54 Error: [MissingControllerException] Controller class StructureNewController could not be found.
Exception Attributes: array (
  'class' => 'StructureNewController',
  'plugin' => NULL,
)
Request URL: /structure_new/css/images/ui-bg_glass_65_ffffff_1x400.png
Stack Trace:
#0 /var/www/html/app/webroot/index.php(112): Dispatcher->dispatch(Object(CakeRequest), Object(CakeResponse))
#1 {main}
2021-09-08 20:06:49 Error: [MissingControllerException] Controller class StructureNewController could not be found.
Exception Attributes: array (
  'class' => 'StructureNewController',
  'plugin' => NULL,
)
Request URL: /structure_new/css/images/ui-bg_glass_65_ffffff_1x400.png
Stack Trace:
#0 /var/www/html/app/webroot/index.php(112): Dispatcher->dispatch(Object(CakeRequest), Object(CakeResponse))
#1 {main}
2021-09-08 20:07:42 Error: [MissingControllerException] Controller class ImgController could not be found.
Exception Attributes: array (
  'class' => 'ImgController',
  'plugin' => NULL,
)
Request URL: /img/footer-logo..png
Stack Trace:
#0 /var/www/html/app/webroot/index.php(112): Dispatcher->dispatch(Object(CakeRequest), Object(CakeResponse))
#1 {main}
2021-09-08 20:07:45 Error: [MissingControllerException] Controller class StructureNewController could not be found.
Exception Attributes: array (
  'class' => 'StructureNewController',
  'plugin' => NULL,
)
Request URL: /structure_new/css/images/ui-bg_glass_65_ffffff_1x400.png
Stack Trace:
#0 /var/www/html/app/webroot/index.php(112): Dispatcher->dispatch(Object(CakeRequest), Object(CakeResponse))
#1 {main}
2021-09-08 20:07:54 Error: [MissingControllerException] Controller class ImgController could not be found.
Exception Attributes: array (
  'class' => 'ImgController',
  'plugin' => NULL,
)
Request URL: /img/footer-logo..png
Stack Trace:
#0 /var/www/html/app/webroot/index.php(112): Dispatcher->dispatch(Object(CakeRequest), Object(CakeResponse))
#1 {main}
2021-09-08 20:08:18 Error: [MissingControllerException] Controller class ImgController could not be found.
Exception Attributes: array (
  'class' => 'ImgController',
  'plugin' => NULL,
)
Request URL: /img/footer-logo..png
Stack Trace:
#0 /var/www/html/app/webroot/index.php(112): Dispatcher->dispatch(Object(CakeRequest), Object(CakeResponse))
#1 {main}
2021-09-08 20:13:34 Error: [MissingActionException] Action AdminsController::img() could not be found.
Exception Attributes: array (
  'controller' => 'AdminsController',
  'action' => 'img',
)
Request URL: /admins/img/my-icons.png
Stack Trace:
#0 /var/www/html/lib/Cake/Routing/Dispatcher.php(193): Controller->invokeAction(Object(CakeRequest))
#1 /var/www/html/lib/Cake/Routing/Dispatcher.php(167): Dispatcher->_invoke(Object(AdminsController), Object(CakeRequest))
#2 /var/www/html/app/webroot/index.php(112): Dispatcher->dispatch(Object(CakeRequest), Object(CakeResponse))
#3 {main}
2021-09-08 20:13:48 Error: [MissingActionException] Action AdminsController::img() could not be found.
Exception Attributes: array (
  'controller' => 'AdminsController',
  'action' => 'img',
)
Request URL: /admins/img/my-icons.png
Stack Trace:
#0 /var/www/html/lib/Cake/Routing/Dispatcher.php(193): Controller->invokeAction(Object(CakeRequest))
#1 /var/www/html/lib/Cake/Routing/Dispatcher.php(167): Dispatcher->_invoke(Object(AdminsController), Object(CakeRequest))
#2 /var/www/html/app/webroot/index.php(112): Dispatcher->dispatch(Object(CakeRequest), Object(CakeResponse))
#3 {main}
2021-09-08 20:13:48 Error: [MissingActionException] Action AdminsController::img() could not be found.
Exception Attributes: array (
  'controller' => 'AdminsController',
  'action' => 'img',
)
Request URL: /admins/img/glyphicons-halflings.png
Stack Trace:
#0 /var/www/html/lib/Cake/Routing/Dispatcher.php(193): Controller->invokeAction(Object(CakeRequest))
#1 /var/www/html/lib/Cake/Routing/Dispatcher.php(167): Dispatcher->_invoke(Object(AdminsController), Object(CakeRequest))
#2 /var/www/html/app/webroot/index.php(112): Dispatcher->dispatch(Object(CakeRequest), Object(CakeResponse))
#3 {main}
2021-09-08 20:13:54 Error: [MissingActionException] Action AdminsController::img() could not be found.
Exception Attributes: array (
  'controller' => 'AdminsController',
  'action' => 'img',
)
Request URL: /admins/img/my-icons.png
Stack Trace:
#0 /var/www/html/lib/Cake/Routing/Dispatcher.php(193): Controller->invokeAction(Object(CakeRequest))
#1 /var/www/html/lib/Cake/Routing/Dispatcher.php(167): Dispatcher->_invoke(Object(AdminsController), Object(CakeRequest))
#2 /var/www/html/app/webroot/index.php(112): Dispatcher->dispatch(Object(CakeRequest), Object(CakeResponse))
#3 {main}
2021-09-08 20:13:54 Error: [MissingActionException] Action AdminsController::img() could not be found.
Exception Attributes: array (
  'controller' => 'AdminsController',
  'action' => 'img',
)
Request URL: /admins/img/glyphicons-halflings.png
Stack Trace:
#0 /var/www/html/lib/Cake/Routing/Dispatcher.php(193): Controller->invokeAction(Object(CakeRequest))
#1 /var/www/html/lib/Cake/Routing/Dispatcher.php(167): Dispatcher->_invoke(Object(AdminsController), Object(CakeRequest))
#2 /var/www/html/app/webroot/index.php(112): Dispatcher->dispatch(Object(CakeRequest), Object(CakeResponse))
#3 {main}
2021-09-08 20:36:53 Error: [MissingControllerException] Controller class StructureNewController could not be found.
Exception Attributes: array (
  'class' => 'StructureNewController',
  'plugin' => NULL,
)
Request URL: /structure_new/css/images/ui-bg_glass_65_ffffff_1x400.png
Stack Trace:
#0 /var/www/html/app/webroot/index.php(112): Dispatcher->dispatch(Object(CakeRequest), Object(CakeResponse))
#1 {main}
2021-09-08 20:46:56 Error: [MissingControllerException] Controller class StructureNewController could not be found.
Exception Attributes: array (
  'class' => 'StructureNewController',
  'plugin' => NULL,
)
Request URL: /structure_new/css/images/ui-bg_glass_65_ffffff_1x400.png
Stack Trace:
#0 /var/www/html/app/webroot/index.php(112): Dispatcher->dispatch(Object(CakeRequest), Object(CakeResponse))
#1 {main}
2021-09-08 20:51:25 Error: [MissingControllerException] Controller class StructureNewController could not be found.
Exception Attributes: array (
  'class' => 'StructureNewController',
  'plugin' => NULL,
)
Request URL: /structure_new/css/images/ui-bg_glass_65_ffffff_1x400.png
Stack Trace:
#0 /var/www/html/app/webroot/index.php(112): Dispatcher->dispatch(Object(CakeRequest), Object(CakeResponse))
#1 {main}
2021-09-08 21:10:45 Error: [MissingControllerException] Controller class StructureNewController could not be found.
Exception Attributes: array (
  'class' => 'StructureNewController',
  'plugin' => NULL,
)
Request URL: /structure_new/css/images/ui-bg_glass_65_ffffff_1x400.png
Stack Trace:
#0 /var/www/html/app/webroot/index.php(112): Dispatcher->dispatch(Object(CakeRequest), Object(CakeResponse))
#1 {main}
2021-09-08 21:14:44 Error: [MissingControllerException] Controller class StructureNewController could not be found.
Exception Attributes: array (
  'class' => 'StructureNewController',
  'plugin' => NULL,
)
Request URL: /structure_new/css/images/animated-overlay.gif
Stack Trace:
#0 /var/www/html/app/webroot/index.php(112): Dispatcher->dispatch(Object(CakeRequest), Object(CakeResponse))
#1 {main}
2021-09-08 21:14:44 Error: [MissingControllerException] Controller class StructureNewController could not be found.
Exception Attributes: array (
  'class' => 'StructureNewController',
  'plugin' => NULL,
)
Request URL: /structure_new/css/images/ui-bg_highlight-soft_75_cccccc_1x100.png
Stack Trace:
#0 /var/www/html/app/webroot/index.php(112): Dispatcher->dispatch(Object(CakeRequest), Object(CakeResponse))
#1 {main}
2021-09-08 21:14:44 Error: [MissingControllerException] Controller class StructureNewController could not be found.
Exception Attributes: array (
  'class' => 'StructureNewController',
  'plugin' => NULL,
)
Request URL: /structure_new/css/images/ui-bg_glass_75_e6e6e6_1x400.png
Stack Trace:
#0 /var/www/html/app/webroot/index.php(112): Dispatcher->dispatch(Object(CakeRequest), Object(CakeResponse))
#1 {main}
2021-09-08 21:14:44 Error: [MissingControllerException] Controller class StructureNewController could not be found.
Exception Attributes: array (
  'class' => 'StructureNewController',
  'plugin' => NULL,
)
Request URL: /structure_new/css/images/ui-bg_glass_65_ffffff_1x400.png
Stack Trace:
#0 /var/www/html/app/webroot/index.php(112): Dispatcher->dispatch(Object(CakeRequest), Object(CakeResponse))
#1 {main}
2021-09-08 21:14:44 Error: [MissingControllerException] Controller class StructureNewController could not be found.
Exception Attributes: array (
  'class' => 'StructureNewController',
  'plugin' => NULL,
)
Request URL: /structure_new/css/images/ui-bg_glass_55_fbf9ee_1x400.png
Stack Trace:
#0 /var/www/html/app/webroot/index.php(112): Dispatcher->dispatch(Object(CakeRequest), Object(CakeResponse))
#1 {main}
2021-09-08 21:14:44 Error: [MissingControllerException] Controller class StructureNewController could not be found.
Exception Attributes: array (
  'class' => 'StructureNewController',
  'plugin' => NULL,
)
Request URL: /structure_new/css/images/ui-bg_glass_75_dadada_1x400.png
Stack Trace:
#0 /var/www/html/app/webroot/index.php(112): Dispatcher->dispatch(Object(CakeRequest), Object(CakeResponse))
#1 {main}
2021-09-08 21:14:44 Error: [MissingControllerException] Controller class ImagesController could not be found.
Exception Attributes: array (
  'class' => 'ImagesController',
  'plugin' => NULL,
)
Request URL: /images/calendar.svg
Stack Trace:
#0 /var/www/html/app/webroot/index.php(112): Dispatcher->dispatch(Object(CakeRequest), Object(CakeResponse))
#1 {main}
2021-09-08 21:14:44 Error: [MissingControllerException] Controller class ImagesController could not be found.
Exception Attributes: array (
  'class' => 'ImagesController',
  'plugin' => NULL,
)
Request URL: /images/selller-banner-bg-new.svg
Stack Trace:
#0 /var/www/html/app/webroot/index.php(112): Dispatcher->dispatch(Object(CakeRequest), Object(CakeResponse))
#1 {main}
2021-09-08 21:14:44 Error: [MissingControllerException] Controller class StructureNewController could not be found.
Exception Attributes: array (
  'class' => 'StructureNewController',
  'plugin' => NULL,
)
Request URL: /structure_new/css/images/ui-bg_glass_95_fef1ec_1x400.png
Stack Trace:
#0 /var/www/html/app/webroot/index.php(112): Dispatcher->dispatch(Object(CakeRequest), Object(CakeResponse))
#1 {main}
2021-09-08 21:14:44 Error: [MissingControllerException] Controller class StructureNewController could not be found.
Exception Attributes: array (
  'class' => 'StructureNewController',
  'plugin' => NULL,
)
Request URL: /structure_new/css/images/ui-icons_222222_256x240.png
Stack Trace:
#0 /var/www/html/app/webroot/index.php(112): Dispatcher->dispatch(Object(CakeRequest), Object(CakeResponse))
#1 {main}
2021-09-08 21:14:44 Error: [MissingControllerException] Controller class StructureNewController could not be found.
Exception Attributes: array (
  'class' => 'StructureNewController',
  'plugin' => NULL,
)
Request URL: /structure_new/css/images/ui-icons_888888_256x240.png
Stack Trace:
#0 /var/www/html/app/webroot/index.php(112): Dispatcher->dispatch(Object(CakeRequest), Object(CakeResponse))
#1 {main}
2021-09-08 21:14:44 Error: [MissingControllerException] Controller class StructureNewController could not be found.
Exception Attributes: array (
  'class' => 'StructureNewController',
  'plugin' => NULL,
)
Request URL: /structure_new/css/images/ui-icons_454545_256x240.png
Stack Trace:
#0 /var/www/html/app/webroot/index.php(112): Dispatcher->dispatch(Object(CakeRequest), Object(CakeResponse))
#1 {main}
2021-09-08 21:14:44 Error: [MissingControllerException] Controller class StructureNewController could not be found.
Exception Attributes: array (
  'class' => 'StructureNewController',
  'plugin' => NULL,
)
Request URL: /structure_new/css/images/ui-icons_2e83ff_256x240.png
Stack Trace:
#0 /var/www/html/app/webroot/index.php(112): Dispatcher->dispatch(Object(CakeRequest), Object(CakeResponse))
#1 {main}
2021-09-08 21:14:44 Error: [MissingControllerException] Controller class StructureNewController could not be found.
Exception Attributes: array (
  'class' => 'StructureNewController',
  'plugin' => NULL,
)
Request URL: /structure_new/css/images/ui-icons_cd0a0a_256x240.png
Stack Trace:
#0 /var/www/html/app/webroot/index.php(112): Dispatcher->dispatch(Object(CakeRequest), Object(CakeResponse))
#1 {main}
2021-09-08 21:14:44 Error: [MissingControllerException] Controller class StructureNewController could not be found.
Exception Attributes: array (
  'class' => 'StructureNewController',
  'plugin' => NULL,
)
Request URL: /structure_new/css/images/ui-bg_flat_0_aaaaaa_40x100.png
Stack Trace:
#0 /var/www/html/app/webroot/index.php(112): Dispatcher->dispatch(Object(CakeRequest), Object(CakeResponse))
#1 {main}
2021-09-08 21:14:48 Error: [MissingControllerException] Controller class StructureNewController could not be found.
Exception Attributes: array (
  'class' => 'StructureNewController',
  'plugin' => NULL,
)
Request URL: /structure_new/css/images/animated-overlay.gif
Stack Trace:
#0 /var/www/html/app/webroot/index.php(112): Dispatcher->dispatch(Object(CakeRequest), Object(CakeResponse))
#1 {main}
2021-09-08 21:14:48 Error: [MissingControllerException] Controller class StructureNewController could not be found.
Exception Attributes: array (
  'class' => 'StructureNewController',
  'plugin' => NULL,
)
Request URL: /structure_new/css/images/ui-bg_highlight-soft_75_cccccc_1x100.png
Stack Trace:
#0 /var/www/html/app/webroot/index.php(112): Dispatcher->dispatch(Object(CakeRequest), Object(CakeResponse))
#1 {main}
2021-09-08 21:14:48 Error: [MissingControllerException] Controller class StructureNewController could not be found.
Exception Attributes: array (
  'class' => 'StructureNewController',
  'plugin' => NULL,
)
Request URL: /structure_new/css/images/ui-bg_glass_75_e6e6e6_1x400.png
Stack Trace:
#0 /var/www/html/app/webroot/index.php(112): Dispatcher->dispatch(Object(CakeRequest), Object(CakeResponse))
#1 {main}
2021-09-08 21:14:49 Error: [MissingControllerException] Controller class StructureNewController could not be found.
Exception Attributes: array (
  'class' => 'StructureNewController',
  'plugin' => NULL,
)
Request URL: /structure_new/css/images/ui-bg_glass_75_dadada_1x400.png
Stack Trace:
#0 /var/www/html/app/webroot/index.php(112): Dispatcher->dispatch(Object(CakeRequest), Object(CakeResponse))
#1 {main}
2021-09-08 21:14:49 Error: [MissingControllerException] Controller class StructureNewController could not be found.
Exception Attributes: array (
  'class' => 'StructureNewController',
  'plugin' => NULL,
)
Request URL: /structure_new/css/images/ui-bg_glass_65_ffffff_1x400.png
Stack Trace:
#0 /var/www/html/app/webroot/index.php(112): Dispatcher->dispatch(Object(CakeRequest), Object(CakeResponse))
#1 {main}
2021-09-08 21:14:49 Error: [MissingControllerException] Controller class StructureNewController could not be found.
Exception Attributes: array (
  'class' => 'StructureNewController',
  'plugin' => NULL,
)
Request URL: /structure_new/css/images/ui-bg_glass_55_fbf9ee_1x400.png
Stack Trace:
#0 /var/www/html/app/webroot/index.php(112): Dispatcher->dispatch(Object(CakeRequest), Object(CakeResponse))
#1 {main}
2021-09-08 21:14:49 Error: [MissingControllerException] Controller class StructureNewController could not be found.
Exception Attributes: array (
  'class' => 'StructureNewController',
  'plugin' => NULL,
)
Request URL: /structure_new/css/images/ui-bg_glass_95_fef1ec_1x400.png
Stack Trace:
#0 /var/www/html/app/webroot/index.php(112): Dispatcher->dispatch(Object(CakeRequest), Object(CakeResponse))
#1 {main}
2021-09-08 21:14:49 Error: [MissingControllerException] Controller class StructureNewController could not be found.
Exception Attributes: array (
  'class' => 'StructureNewController',
  'plugin' => NULL,
)
Request URL: /structure_new/css/images/ui-icons_222222_256x240.png
Stack Trace:
#0 /var/www/html/app/webroot/index.php(112): Dispatcher->dispatch(Object(CakeRequest), Object(CakeResponse))
#1 {main}
2021-09-08 21:14:49 Error: [MissingControllerException] Controller class StructureNewController could not be found.
Exception Attributes: array (
  'class' => 'StructureNewController',
  'plugin' => NULL,
)
Request URL: /structure_new/css/images/ui-icons_888888_256x240.png
Stack Trace:
#0 /var/www/html/app/webroot/index.php(112): Dispatcher->dispatch(Object(CakeRequest), Object(CakeResponse))
#1 {main}
2021-09-08 21:14:49 Error: [MissingControllerException] Controller class StructureNewController could not be found.
Exception Attributes: array (
  'class' => 'StructureNewController',
  'plugin' => NULL,
)
Request URL: /structure_new/css/images/ui-icons_2e83ff_256x240.png
Stack Trace:
#0 /var/www/html/app/webroot/index.php(112): Dispatcher->dispatch(Object(CakeRequest), Object(CakeResponse))
#1 {main}
2021-09-08 21:14:49 Error: [MissingControllerException] Controller class StructureNewController could not be found.
Exception Attributes: array (
  'class' => 'StructureNewController',
  'plugin' => NULL,
)
Request URL: /structure_new/css/images/ui-icons_454545_256x240.png
Stack Trace:
#0 /var/www/html/app/webroot/index.php(112): Dispatcher->dispatch(Object(CakeRequest), Object(CakeResponse))
#1 {main}
2021-09-08 21:14:49 Error: [MissingControllerException] Controller class StructureNewController could not be found.
Exception Attributes: array (
  'class' => 'StructureNewController',
  'plugin' => NULL,
)
Request URL: /structure_new/css/images/ui-icons_cd0a0a_256x240.png
Stack Trace:
#0 /var/www/html/app/webroot/index.php(112): Dispatcher->dispatch(Object(CakeRequest), Object(CakeResponse))
#1 {main}
2021-09-08 21:14:49 Error: [MissingControllerException] Controller class StructureNewController could not be found.
Exception Attributes: array (
  'class' => 'StructureNewController',
  'plugin' => NULL,
)
Request URL: /structure_new/css/images/ui-bg_flat_0_aaaaaa_40x100.png
Stack Trace:
#0 /var/www/html/app/webroot/index.php(112): Dispatcher->dispatch(Object(CakeRequest), Object(CakeResponse))
#1 {main}
2021-09-08 21:14:49 Error: [MissingControllerException] Controller class ImagesController could not be found.
Exception Attributes: array (
  'class' => 'ImagesController',
  'plugin' => NULL,
)
Request URL: /images/selller-banner-bg-new.svg
Stack Trace:
#0 /var/www/html/app/webroot/index.php(112): Dispatcher->dispatch(Object(CakeRequest), Object(CakeResponse))
#1 {main}
2021-09-08 21:14:49 Error: [MissingControllerException] Controller class ImagesController could not be found.
Exception Attributes: array (
  'class' => 'ImagesController',
  'plugin' => NULL,
)
Request URL: /images/calendar.svg
Stack Trace:
#0 /var/www/html/app/webroot/index.php(112): Dispatcher->dispatch(Object(CakeRequest), Object(CakeResponse))
#1 {main}
2021-09-08 21:26:14 Error: [MissingControllerException] Controller class StructureNewController could not be found.
Exception Attributes: array (
  'class' => 'StructureNewController',
  'plugin' => NULL,
)
Request URL: /structure_new/css/images/ui-bg_glass_65_ffffff_1x400.png
Stack Trace:
#0 /var/www/html/app/webroot/index.php(112): Dispatcher->dispatch(Object(CakeRequest), Object(CakeResponse))
#1 {main}
2021-09-08 21:37:17 Error: [MissingControllerException] Controller class StructureNewController could not be found.
Exception Attributes: array (
  'class' => 'StructureNewController',
  'plugin' => NULL,
)
Request URL: /structure_new/css/images/ui-bg_glass_65_ffffff_1x400.png
Stack Trace:
#0 /var/www/html/app/webroot/index.php(112): Dispatcher->dispatch(Object(CakeRequest), Object(CakeResponse))
#1 {main}
2021-09-08 21:41:27 Error: [MissingControllerException] Controller class StructureNewController could not be found.
Exception Attributes: array (
  'class' => 'StructureNewController',
  'plugin' => NULL,
)
Request URL: /structure_new/css/images/ui-bg_glass_65_ffffff_1x400.png
Stack Trace:
#0 /var/www/html/app/webroot/index.php(112): Dispatcher->dispatch(Object(CakeRequest), Object(CakeResponse))
#1 {main}
2021-09-08 21:49:17 Error: [MissingControllerException] Controller class StructureNewController could not be found.
Exception Attributes: array (
  'class' => 'StructureNewController',
  'plugin' => NULL,
)
Request URL: /structure_new/css/images/ui-bg_glass_65_ffffff_1x400.png
Stack Trace:
#0 /var/www/html/app/webroot/index.php(112): Dispatcher->dispatch(Object(CakeRequest), Object(CakeResponse))
#1 {main}
2021-09-08 21:54:57 Error: [MissingControllerException] Controller class StructureNewController could not be found.
Exception Attributes: array (
  'class' => 'StructureNewController',
  'plugin' => NULL,
)
Request URL: /structure_new/css/images/ui-bg_glass_65_ffffff_1x400.png
Stack Trace:
#0 /var/www/html/app/webroot/index.php(112): Dispatcher->dispatch(Object(CakeRequest), Object(CakeResponse))
#1 {main}
2021-09-08 22:02:20 Error: [MissingControllerException] Controller class StructureNewController could not be found.
Exception Attributes: array (
  'class' => 'StructureNewController',
  'plugin' => NULL,
)
Request URL: /structure_new/css/images/ui-bg_glass_65_ffffff_1x400.png
Stack Trace:
#0 /var/www/html/app/webroot/index.php(112): Dispatcher->dispatch(Object(CakeRequest), Object(CakeResponse))
#1 {main}
